<?xml version="1.0" encoding="UTF-8"?>
<!-- Generated by org.testng.reporters.JUnitReportReporter -->
<testsuite skipped="1" hostname="Bhabanis-MacBook-Air.local" name="appTests.Practice" tests="5" failures="0" timestamp="16 Oct 2018 07:59:00 GMT" time="5.517" errors="0">
  <testcase name="LoginTest" time="2.630" classname="appTests.Practice"/>
  <testcase name="CreateUser" time="0.756" classname="appTests.Practice"/>
  <testcase name="CreatePackage" time="0.720" classname="appTests.Practice"/>
  <testcase name="AddPeople" time="0.633" classname="appTests.Practice"/>
  <testcase name="LogOutTest" time="0.778" classname="appTests.Practice">
    <skipped/>
  </testcase> <!-- LogOutTest -->
</testsuite> <!-- appTests.Practice -->
